<?xml version="1.0" encoding="UTF-8"?>
<testsuite name="com.wizeline.onsite.HelloWorldTests" tests="1" skipped="0" failures="0" errors="0" timestamp="2023-01-15T21:03:42" hostname="DESKTOP-NK6R8V4" time="0.013">
  <properties/>
  <testcase name="helloWorld()" classname="com.wizeline.onsite.HelloWorldTests" time="0.013"/>
  <system-out><![CDATA[]]></system-out>
  <system-err><![CDATA[]]></system-err>
</testsuite>
